<?xml version="1.0" encoding="UTF-8"?>
<testsuite name="com.test.MatrixMathematicsTest" tests="3" skipped="0" failures="0" errors="0" timestamp="2020-01-19T10:33:04" hostname="LAPTOP-OHU2OU94" time="0.01">
  <properties/>
  <testcase name="testDeterminant" classname="com.test.MatrixMathematicsTest" time="0.006"/>
  <testcase name="testCofactor" classname="com.test.MatrixMathematicsTest" time="0.003"/>
  <testcase name="testTranspose" classname="com.test.MatrixMathematicsTest" time="0.0"/>
  <system-out><![CDATA[]]></system-out>
  <system-err><![CDATA[]]></system-err>
</testsuite>
